This file contains any messages produced by compilers while
running configure, to aid debugging if configure makes a mistake.

It was created by bft3 configure beta-1-19, which was
generated by GNU Autoconf 2.65.  Invocation command line was

  $ ./configure --with-matlab=/usr/local/matlab2009a/

## --------- ##
## Platform. ##
## --------- ##

hostname = MBSPC
uname -m = x86_64
uname -r = 2.6.32-40-generic
uname -s = Linux
uname -v = #87-Ubuntu SMP Tue Mar 6 00:56:56 UTC 2012

/usr/bin/uname -p = unknown
/bin/uname -X     = unknown

/bin/arch              = unknown
/usr/bin/arch -k       = unknown
/usr/convex/getsysinfo = unknown
/usr/bin/hostinfo      = unknown
/bin/machine           = unknown
/usr/bin/oslevel       = unknown
/bin/universe          = unknown

PATH: /usr/local/sbin
PATH: /usr/local/bin
PATH: /usr/sbin
PATH: /usr/bin
PATH: /sbin
PATH: /bin
PATH: /usr/games
PATH: /usr/local/modelsim/modeltech/linux_x86_64


## ----------- ##
## Core tests. ##
## ----------- ##

configure:2264: checking for a BSD-compatible install
configure:2332: result: /usr/bin/install -c
configure:2343: checking whether build environment is sane
configure:2393: result: yes
configure:2534: checking for a thread-safe mkdir -p
configure:2573: result: /bin/mkdir -p
configure:2586: checking for gawk
configure:2602: found /usr/bin/gawk
configure:2613: result: gawk
configure:2624: checking whether make sets $(MAKE)
configure:2646: result: yes
configure:2760: checking for cppunit-config
configure:2791: result: no
configure:2801: checking for Cppunit - version >= 1.12.1
configure:2805: result: no
configure:2871: checking whether to enable maintainer-specific portions of Makefiles
configure:2880: result: no
configure:2897: checking build system type
configure:2911: result: x86_64-unknown-linux-gnu
configure:2931: checking host system type
configure:2944: result: x86_64-unknown-linux-gnu
configure:2997: checking debug mode
configure:3004: result: no
configure:3017: checking install docs
configure:3024: result: no
configure:3045: checking install man pages
configure:3049: result: yes
configure:3156: checking for g++
configure:3172: found /usr/bin/g++
configure:3183: result: g++
configure:3210: checking for C++ compiler version
configure:3219: g++ --version >&5
g++ (Ubuntu 4.4.3-4ubuntu5.1) 4.4.3
Copyright (C) 2009 Free Software Foundation, Inc.
This is free software; see the source for copying conditions.  There is NO
warranty; not even for MERCHANTABILITY or FITNESS FOR A PARTICULAR PURPOSE.

configure:3230: $? = 0
configure:3219: g++ -v >&5
Using built-in specs.
Target: x86_64-linux-gnu
Configured with: ../src/configure -v --with-pkgversion='Ubuntu 4.4.3-4ubuntu5.1' --with-bugurl=file:///usr/share/doc/gcc-4.4/README.Bugs --enable-languages=c,c++,fortran,objc,obj-c++ --prefix=/usr --enable-shared --enable-multiarch --enable-linker-build-id --with-system-zlib --libexecdir=/usr/lib --without-included-gettext --enable-threads=posix --with-gxx-include-dir=/usr/include/c++/4.4 --program-suffix=-4.4 --enable-nls --enable-clocale=gnu --enable-libstdcxx-debug --enable-plugin --enable-objc-gc --disable-werror --with-arch-32=i486 --with-tune=generic --enable-checking=release --build=x86_64-linux-gnu --host=x86_64-linux-gnu --target=x86_64-linux-gnu
Thread model: posix
gcc version 4.4.3 (Ubuntu 4.4.3-4ubuntu5.1) 
configure:3230: $? = 0
configure:3219: g++ -V >&5
g++: '-V' option must have argument
configure:3230: $? = 1
configure:3219: g++ -qversion >&5
g++: unrecognized option '-qversion'
g++: no input files
configure:3230: $? = 1
configure:3250: checking whether the C++ compiler works
configure:3272: g++    conftest.cpp  >&5
configure:3276: $? = 0
configure:3325: result: yes
configure:3328: checking for C++ compiler default output file name
configure:3330: result: a.out
configure:3336: checking for suffix of executables
configure:3343: g++ -o conftest    conftest.cpp  >&5
configure:3347: $? = 0
configure:3369: result: 
configure:3391: checking whether we are cross compiling
configure:3399: g++ -o conftest    conftest.cpp  >&5
configure:3403: $? = 0
configure:3410: ./conftest
configure:3414: $? = 0
configure:3429: result: no
configure:3434: checking for suffix of object files
configure:3456: g++ -c   conftest.cpp >&5
configure:3460: $? = 0
configure:3481: result: o
configure:3485: checking whether we are using the GNU C++ compiler
configure:3504: g++ -c   conftest.cpp >&5
configure:3504: $? = 0
configure:3513: result: yes
configure:3522: checking whether g++ accepts -g
configure:3542: g++ -c -g  conftest.cpp >&5
configure:3542: $? = 0
configure:3583: result: yes
configure:3617: checking for style of include used by make
configure:3645: result: GNU
configure:3670: checking dependency style of g++
configure:3780: result: none
configure:3849: checking for gcc
configure:3865: found /usr/bin/gcc
configure:3876: result: gcc
configure:3907: checking for C compiler version
configure:3916: gcc --version >&5
gcc (Ubuntu 4.4.3-4ubuntu5.1) 4.4.3
Copyright (C) 2009 Free Software Foundation, Inc.
This is free software; see the source for copying conditions.  There is NO
warranty; not even for MERCHANTABILITY or FITNESS FOR A PARTICULAR PURPOSE.

configure:3927: $? = 0
configure:3916: gcc -v >&5
Using built-in specs.
Target: x86_64-linux-gnu
Configured with: ../src/configure -v --with-pkgversion='Ubuntu 4.4.3-4ubuntu5.1' --with-bugurl=file:///usr/share/doc/gcc-4.4/README.Bugs --enable-languages=c,c++,fortran,objc,obj-c++ --prefix=/usr --enable-shared --enable-multiarch --enable-linker-build-id --with-system-zlib --libexecdir=/usr/lib --without-included-gettext --enable-threads=posix --with-gxx-include-dir=/usr/include/c++/4.4 --program-suffix=-4.4 --enable-nls --enable-clocale=gnu --enable-libstdcxx-debug --enable-plugin --enable-objc-gc --disable-werror --with-arch-32=i486 --with-tune=generic --enable-checking=release --build=x86_64-linux-gnu --host=x86_64-linux-gnu --target=x86_64-linux-gnu
Thread model: posix
gcc version 4.4.3 (Ubuntu 4.4.3-4ubuntu5.1) 
configure:3927: $? = 0
configure:3916: gcc -V >&5
gcc: '-V' option must have argument
configure:3927: $? = 1
configure:3916: gcc -qversion >&5
gcc: unrecognized option '-qversion'
gcc: no input files
configure:3927: $? = 1
configure:3931: checking whether we are using the GNU C compiler
configure:3950: gcc -c   conftest.c >&5
configure:3950: $? = 0
configure:3959: result: yes
configure:3968: checking whether gcc accepts -g
configure:3988: gcc -c -g  conftest.c >&5
configure:3988: $? = 0
configure:4029: result: yes
configure:4046: checking for gcc option to accept ISO C89
configure:4110: gcc  -c -g -O2  conftest.c >&5
configure:4110: $? = 0
configure:4123: result: none needed
configure:4145: checking dependency style of gcc
configure:4255: result: none
configure:4270: checking whether make sets $(MAKE)
configure:4292: result: yes
configure:4303: checking if cpp mex build is enabled
configure:4340: checking how to run the C preprocessor
configure:4371: gcc -E  conftest.c
configure:4371: $? = 0
configure:4385: gcc -E  conftest.c
conftest.c:16:28: error: ac_nonexistent.h: No such file or directory
configure:4385: $? = 1
configure: failed program was:
| /* confdefs.h */
| #define PACKAGE_NAME "bft3"
| #define PACKAGE_TARNAME "bft3"
| #define PACKAGE_VERSION "beta-1-19"
| #define PACKAGE_STRING "bft3 beta-1-19"
| #define PACKAGE_BUGREPORT "jmh@elektro.dtu.dk"
| #define PACKAGE_URL ""
| #define PACKAGE "bft3"
| #define VERSION "beta-1-19"
| #define MEX_PLATFORM "x86_64-unknown-linux-gnu"
| #define MEX_MAJOR_VERSION 1
| #define MEX_MINOR_VERSION 1
| #define MEX_RELEASE_LEVEL 2
| #define HAVE_THREAD 1
| /* end confdefs.h.  */
| #include <ac_nonexistent.h>
configure:4410: result: gcc -E
configure:4430: gcc -E  conftest.c
configure:4430: $? = 0
configure:4444: gcc -E  conftest.c
conftest.c:16:28: error: ac_nonexistent.h: No such file or directory
configure:4444: $? = 1
configure: failed program was:
| /* confdefs.h */
| #define PACKAGE_NAME "bft3"
| #define PACKAGE_TARNAME "bft3"
| #define PACKAGE_VERSION "beta-1-19"
| #define PACKAGE_STRING "bft3 beta-1-19"
| #define PACKAGE_BUGREPORT "jmh@elektro.dtu.dk"
| #define PACKAGE_URL ""
| #define PACKAGE "bft3"
| #define VERSION "beta-1-19"
| #define MEX_PLATFORM "x86_64-unknown-linux-gnu"
| #define MEX_MAJOR_VERSION 1
| #define MEX_MINOR_VERSION 1
| #define MEX_RELEASE_LEVEL 2
| #define HAVE_THREAD 1
| /* end confdefs.h.  */
| #include <ac_nonexistent.h>
configure:4473: checking for grep that handles long lines and -e
configure:4531: result: /bin/grep
configure:4536: checking for egrep
configure:4598: result: /bin/grep -E
configure:4603: checking for ANSI C header files
configure:4623: gcc -c -g -O2  conftest.c >&5
configure:4623: $? = 0
configure:4696: gcc -o conftest -g -O2   conftest.c  >&5
configure:4696: $? = 0
configure:4696: ./conftest
configure:4696: $? = 0
configure:4707: result: yes
configure:4720: checking for sys/types.h
configure:4720: gcc -c -g -O2  conftest.c >&5
configure:4720: $? = 0
configure:4720: result: yes
configure:4720: checking for sys/stat.h
configure:4720: gcc -c -g -O2  conftest.c >&5
configure:4720: $? = 0
configure:4720: result: yes
configure:4720: checking for stdlib.h
configure:4720: gcc -c -g -O2  conftest.c >&5
configure:4720: $? = 0
configure:4720: result: yes
configure:4720: checking for string.h
configure:4720: gcc -c -g -O2  conftest.c >&5
configure:4720: $? = 0
configure:4720: result: yes
configure:4720: checking for memory.h
configure:4720: gcc -c -g -O2  conftest.c >&5
configure:4720: $? = 0
configure:4720: result: yes
configure:4720: checking for strings.h
configure:4720: gcc -c -g -O2  conftest.c >&5
configure:4720: $? = 0
configure:4720: result: yes
configure:4720: checking for inttypes.h
configure:4720: gcc -c -g -O2  conftest.c >&5
configure:4720: $? = 0
configure:4720: result: yes
configure:4720: checking for stdint.h
configure:4720: gcc -c -g -O2  conftest.c >&5
configure:4720: $? = 0
configure:4720: result: yes
configure:4720: checking for unistd.h
configure:4720: gcc -c -g -O2  conftest.c >&5
configure:4720: $? = 0
configure:4720: result: yes
configure:4735: checking pthread.h usability
configure:4735: gcc -c -g -O2  conftest.c >&5
configure:4735: $? = 0
configure:4735: result: yes
configure:4735: checking pthread.h presence
configure:4735: gcc -E  conftest.c
configure:4735: $? = 0
configure:4735: result: yes
configure:4735: checking for pthread.h
configure:4735: result: yes
configure:4747: checking signal.h usability
configure:4747: gcc -c -g -O2  conftest.c >&5
configure:4747: $? = 0
configure:4747: result: yes
configure:4747: checking signal.h presence
configure:4747: gcc -E  conftest.c
configure:4747: $? = 0
configure:4747: result: yes
configure:4747: checking for signal.h
configure:4747: result: yes
configure:4759: checking for stdint.h
configure:4759: result: yes
configure:4771: checking stddef.h usability
configure:4771: gcc -c -g -O2  conftest.c >&5
configure:4771: $? = 0
configure:4771: result: yes
configure:4771: checking stddef.h presence
configure:4771: gcc -E  conftest.c
configure:4771: $? = 0
configure:4771: result: yes
configure:4771: checking for stddef.h
configure:4771: result: yes
configure:4783: checking mqueue.h usability
configure:4783: gcc -c -g -O2  conftest.c >&5
configure:4783: $? = 0
configure:4783: result: yes
configure:4783: checking mqueue.h presence
configure:4783: gcc -E  conftest.c
configure:4783: $? = 0
configure:4783: result: yes
configure:4783: checking for mqueue.h
configure:4783: result: yes
configure:4797: checking for printf
configure:4797: gcc -o conftest -g -O2   conftest.c  >&5
conftest.c:54: warning: conflicting types for built-in function 'printf'
configure:4797: $? = 0
configure:4797: result: yes
configure:4808: checking for pthread_getthreadid_np
configure:4808: gcc -o conftest -g -O2   conftest.c  >&5
/tmp/ccRoUKMr.o: In function `main':
/home/mbs/bft3/bft3-beta-1-19/conftest.c:66: undefined reference to `pthread_getthreadid_np'
collect2: ld returned 1 exit status
configure:4808: $? = 1
configure: failed program was:
| /* confdefs.h */
| #define PACKAGE_NAME "bft3"
| #define PACKAGE_TARNAME "bft3"
| #define PACKAGE_VERSION "beta-1-19"
| #define PACKAGE_STRING "bft3 beta-1-19"
| #define PACKAGE_BUGREPORT "jmh@elektro.dtu.dk"
| #define PACKAGE_URL ""
| #define PACKAGE "bft3"
| #define VERSION "beta-1-19"
| #define MEX_PLATFORM "x86_64-unknown-linux-gnu"
| #define MEX_MAJOR_VERSION 1
| #define MEX_MINOR_VERSION 1
| #define MEX_RELEASE_LEVEL 2
| #define HAVE_THREAD 1
| #define STDC_HEADERS 1
| #define HAVE_SYS_TYPES_H 1
| #define HAVE_SYS_STAT_H 1
| #define HAVE_STDLIB_H 1
| #define HAVE_STRING_H 1
| #define HAVE_MEMORY_H 1
| #define HAVE_STRINGS_H 1
| #define HAVE_INTTYPES_H 1
| #define HAVE_STDINT_H 1
| #define HAVE_UNISTD_H 1
| #define HAVE_PTHREAD_H 1
| #define HAVE_SIGNAL_H 1
| #define HAVE_STDINT_H 1
| #define HAVE_STDDEF_H 1
| #define HAVE_MQUEUE_H 1
| #define HAVE_PRINTF 1
| /* end confdefs.h.  */
| /* Define pthread_getthreadid_np to an innocuous variant, in case <limits.h> declares pthread_getthreadid_np.
|    For example, HP-UX 11i <limits.h> declares gettimeofday.  */
| #define pthread_getthreadid_np innocuous_pthread_getthreadid_np
| 
| /* System header to define __stub macros and hopefully few prototypes,
|     which can conflict with char pthread_getthreadid_np (); below.
|     Prefer <limits.h> to <assert.h> if __STDC__ is defined, since
|     <limits.h> exists even on freestanding compilers.  */
| 
| #ifdef __STDC__
| # include <limits.h>
| #else
| # include <assert.h>
| #endif
| 
| #undef pthread_getthreadid_np
| 
| /* Override any GCC internal prototype to avoid an error.
|    Use char because int might match the return type of a GCC
|    builtin and then its argument prototype would still apply.  */
| #ifdef __cplusplus
| extern "C"
| #endif
| char pthread_getthreadid_np ();
| /* The GNU C library defines this for functions which it implements
|     to always fail with ENOSYS.  Some functions are actually named
|     something starting with __ and the normal name is an alias.  */
| #if defined __stub_pthread_getthreadid_np || defined __stub___pthread_getthreadid_np
| choke me
| #endif
| 
| int
| main ()
| {
| return pthread_getthreadid_np ();
|   ;
|   return 0;
| }
configure:4808: result: no
configure:4876: checking for Matlab software
configure:4975: result: -pthread -shared -Wl,--version-script,/usr/local/matlab2009a//extern/lib/glnxa64/mexFunction.map -Wl,--rpath-link,/usr/local/matlab2009a//extern/lib/glnxa64,--rpath-link,/usr/local/matlab2009a//bin/glnxa64 -L/usr/local/matlab2009a//bin/glnxa64 -lmx -lmex -lmat -lm
configure:5175: creating ./config.status

## ---------------------- ##
## Running config.status. ##
## ---------------------- ##

This file was extended by bft3 config.status beta-1-19, which was
generated by GNU Autoconf 2.65.  Invocation command line was

  CONFIG_FILES    = 
  CONFIG_HEADERS  = 
  CONFIG_LINKS    = 
  CONFIG_COMMANDS = 
  $ ./config.status 

on MBSPC

config.status:905: creating Makefile
config.status:905: creating src/Makefile
config.status:905: creating include/config.h
config.status:1125: executing depfiles commands

## ---------------- ##
## Cache variables. ##
## ---------------- ##

ac_cv_build=x86_64-unknown-linux-gnu
ac_cv_c_compiler_gnu=yes
ac_cv_cxx_compiler_gnu=yes
ac_cv_env_CCC_set=
ac_cv_env_CCC_value=
ac_cv_env_CC_set=
ac_cv_env_CC_value=
ac_cv_env_CFLAGS_set=
ac_cv_env_CFLAGS_value=
ac_cv_env_CPPFLAGS_set=
ac_cv_env_CPPFLAGS_value=
ac_cv_env_CPP_set=
ac_cv_env_CPP_value=
ac_cv_env_CXXFLAGS_set=
ac_cv_env_CXXFLAGS_value=
ac_cv_env_CXX_set=
ac_cv_env_CXX_value=
ac_cv_env_LDFLAGS_set=
ac_cv_env_LDFLAGS_value=
ac_cv_env_LIBS_set=
ac_cv_env_LIBS_value=
ac_cv_env_build_alias_set=
ac_cv_env_build_alias_value=
ac_cv_env_host_alias_set=
ac_cv_env_host_alias_value=
ac_cv_env_target_alias_set=
ac_cv_env_target_alias_value=
ac_cv_func_printf=yes
ac_cv_func_pthread_getthreadid_np=no
ac_cv_header_inttypes_h=yes
ac_cv_header_memory_h=yes
ac_cv_header_mqueue_h=yes
ac_cv_header_pthread_h=yes
ac_cv_header_signal_h=yes
ac_cv_header_stdc=yes
ac_cv_header_stddef_h=yes
ac_cv_header_stdint_h=yes
ac_cv_header_stdlib_h=yes
ac_cv_header_string_h=yes
ac_cv_header_strings_h=yes
ac_cv_header_sys_stat_h=yes
ac_cv_header_sys_types_h=yes
ac_cv_header_unistd_h=yes
ac_cv_host=x86_64-unknown-linux-gnu
ac_cv_objext=o
ac_cv_path_CPPUNIT_CONFIG=no
ac_cv_path_EGREP='/bin/grep -E'
ac_cv_path_GREP=/bin/grep
ac_cv_path_install='/usr/bin/install -c'
ac_cv_path_mkdir=/bin/mkdir
ac_cv_prog_AWK=gawk
ac_cv_prog_CPP='gcc -E'
ac_cv_prog_ac_ct_CC=gcc
ac_cv_prog_ac_ct_CXX=g++
ac_cv_prog_cc_c89=
ac_cv_prog_cc_g=yes
ac_cv_prog_cxx_g=yes
ac_cv_prog_make_make_set=yes
am_cv_CC_dependencies_compiler_type=none
am_cv_CXX_dependencies_compiler_type=none

## ----------------- ##
## Output variables. ##
## ----------------- ##

ACLOCAL='${SHELL} /home/mbs/bft3/bft3-beta-1-19/config/missing --run aclocal-1.11'
AMDEPBACKSLASH='\'
AMDEP_FALSE='#'
AMDEP_TRUE=''
AMTAR='${SHELL} /home/mbs/bft3/bft3-beta-1-19/config/missing --run tar'
AUTOCONF='${SHELL} /home/mbs/bft3/bft3-beta-1-19/config/missing --run autoconf'
AUTOHEADER='${SHELL} /home/mbs/bft3/bft3-beta-1-19/config/missing --run autoheader'
AUTOMAKE='${SHELL} /home/mbs/bft3/bft3-beta-1-19/config/missing --run automake-1.11'
AWK='gawk'
CC='gcc'
CCDEPMODE='depmode=none'
CFLAGS='-g -O2'
CPP='gcc -E'
CPPFLAGS=''
CPPUNIT_CFLAGS=''
CPPUNIT_CONFIG='no'
CPPUNIT_LIBS=''
CXX='g++'
CXXDEPMODE='depmode=none'
CXXFLAGS='-g -O2 -fPIC -DMATLAB_MEX_FILE -DmxPOINTER_CLASS=mxUINT64_CLASS -DmxIsPointer=mxIsScalarUInt64 -DmxPOINTER_TYPE=UINT64_T -DmxIsPointerArray=mxIsUint64 -ansi -Wall -Werror -D_DEVELOPMENT'
CYGPATH_W='echo'
DEFS='-DHAVE_CONFIG_H'
DEPDIR='.deps'
DOCS_INSTALL_FALSE=''
DOCS_INSTALL_TRUE='#'
ECHO_C=''
ECHO_N='-n'
ECHO_T=''
EGREP='/bin/grep -E'
ENABLE_CPP_FALSE='#'
ENABLE_CPP_TRUE=''
EXEEXT='.mexa64'
GREP='/bin/grep'
HAVE_MATLAB_FALSE='#'
HAVE_MATLAB_TRUE=''
INSTALL_DATA='${INSTALL} -m 644'
INSTALL_PROGRAM='${INSTALL}'
INSTALL_SCRIPT='${INSTALL}'
INSTALL_STRIP_PROGRAM='$(install_sh) -c -s'
LDFLAGS=''
LIBOBJS=''
LIBS=''
LINUX_FALSE='#'
LINUX_TRUE=''
LTLIBOBJS=''
MAINT='#'
MAINTAINER_MODE_FALSE=''
MAINTAINER_MODE_TRUE='#'
MAKEINFO='${SHELL} /home/mbs/bft3/bft3-beta-1-19/config/missing --run makeinfo'
MAN_INSTALL_FALSE='#'
MAN_INSTALL_TRUE=''
MATLAB_ARCH='glnxa86'
MATLAB_DIR='/usr/local/matlab2009a/'
MATLAB_FLAGS='-I/usr/local/matlab2009a//extern/include -I/usr/local/matlab2009a//simulink/include -DMATLAB_MEX_FILE -fPIC -ansi -D_GNU_SOURCE -pthread -DGLNXA64 -O -DNDEBUG'
MATLAB_LIB='-Wl,--rpath-link,/usr/local/matlab2009a//extern/lib/glnxa64,--rpath-link,/usr/local/matlab2009a//bin/glnxa64 -L/usr/local/matlab2009a//bin/glnxa64 -lmx -lmex -lmat -lm'
MATLAB_LINK='-pthread -shared -Wl,--version-script,/usr/local/matlab2009a//extern/lib/glnxa64/mexFunction.map'
MEXEXT='mexa64'
MEXVERSION=''
MKDIR_P='/bin/mkdir -p'
OBJEXT='o'
PACKAGE='bft3'
PACKAGE_BUGREPORT='jmh@elektro.dtu.dk'
PACKAGE_NAME='bft3'
PACKAGE_STRING='bft3 beta-1-19'
PACKAGE_TARNAME='bft3'
PACKAGE_URL=''
PACKAGE_VERSION='beta-1-19'
PATH_SEPARATOR=':'
SET_MAKE=''
SHELL='/bin/bash'
STRIP=''
VERSION='beta-1-19'
WINNT_FALSE=''
WINNT_TRUE='#'
ac_ct_CC='gcc'
ac_ct_CXX='g++'
am__EXEEXT_FALSE='#'
am__EXEEXT_TRUE=''
am__fastdepCC_FALSE=''
am__fastdepCC_TRUE='#'
am__fastdepCXX_FALSE=''
am__fastdepCXX_TRUE='#'
am__include='include'
am__isrc=''
am__leading_dot='.'
am__quote=''
am__tar='${AMTAR} chof - "$$tardir"'
am__untar='${AMTAR} xf -'
bindir='${exec_prefix}/bin'
build='x86_64-unknown-linux-gnu'
build_alias=''
build_cpu='x86_64'
build_os='linux-gnu'
build_vendor='unknown'
datadir='${datarootdir}'
datarootdir='${prefix}/share'
docdir='${datarootdir}/doc/${PACKAGE_TARNAME}'
dvidir='${docdir}'
exec_prefix='${prefix}'
host='x86_64-unknown-linux-gnu'
host_alias=''
host_cpu='x86_64'
host_os='linux-gnu'
host_vendor='unknown'
htmldir='${docdir}'
includedir='${prefix}/include'
infodir='${datarootdir}/info'
install_sh='${SHELL} /home/mbs/bft3/bft3-beta-1-19/config/install-sh'
libdir='${exec_prefix}/lib'
libexecdir='${exec_prefix}/libexec'
localedir='${datarootdir}/locale'
localstatedir='${prefix}/var'
mandir='${datarootdir}/man'
mkdir_p='/bin/mkdir -p'
oldincludedir='/usr/include'
pdfdir='${docdir}'
prefix='/usr/local'
program_transform_name='s,x,x,'
psdir='${docdir}'
sbindir='${exec_prefix}/sbin'
sharedstatedir='${prefix}/com'
sysconfdir='${prefix}/etc'
target_alias=''

## ----------- ##
## confdefs.h. ##
## ----------- ##

/* confdefs.h */
#define PACKAGE_NAME "bft3"
#define PACKAGE_TARNAME "bft3"
#define PACKAGE_VERSION "beta-1-19"
#define PACKAGE_STRING "bft3 beta-1-19"
#define PACKAGE_BUGREPORT "jmh@elektro.dtu.dk"
#define PACKAGE_URL ""
#define PACKAGE "bft3"
#define VERSION "beta-1-19"
#define MEX_PLATFORM "x86_64-unknown-linux-gnu"
#define MEX_MAJOR_VERSION 1
#define MEX_MINOR_VERSION 1
#define MEX_RELEASE_LEVEL 2
#define HAVE_THREAD 1
#define STDC_HEADERS 1
#define HAVE_SYS_TYPES_H 1
#define HAVE_SYS_STAT_H 1
#define HAVE_STDLIB_H 1
#define HAVE_STRING_H 1
#define HAVE_MEMORY_H 1
#define HAVE_STRINGS_H 1
#define HAVE_INTTYPES_H 1
#define HAVE_STDINT_H 1
#define HAVE_UNISTD_H 1
#define HAVE_PTHREAD_H 1
#define HAVE_SIGNAL_H 1
#define HAVE_STDINT_H 1
#define HAVE_STDDEF_H 1
#define HAVE_MQUEUE_H 1
#define HAVE_PRINTF 1
#define CONFDATO "2012-04-25 14:33:56"

configure: exit 0
